2025-08-08 14:31:25,663 [trainer.py] => config: ./exps/tuna_obj.json
2025-08-08 14:31:25,663 [trainer.py] => prefix:  
2025-08-08 14:31:25,663 [trainer.py] => dataset: objectnet
2025-08-08 14:31:25,663 [trainer.py] => memory_size: 0
2025-08-08 14:31:25,664 [trainer.py] => memory_per_class: 0
2025-08-08 14:31:25,664 [trainer.py] => fixed_memory: False
2025-08-08 14:31:25,664 [trainer.py] => shuffle: True
2025-08-08 14:31:25,664 [trainer.py] => init_cls: 20
2025-08-08 14:31:25,664 [trainer.py] => increment: 20
2025-08-08 14:31:25,664 [trainer.py] => model_name: tuna
2025-08-08 14:31:25,664 [trainer.py] => backbone_type: vit_base_patch16_224_in21k_tuna
2025-08-08 14:31:25,664 [trainer.py] => device: [device(type='cuda', index=3)]
2025-08-08 14:31:25,664 [trainer.py] => seed: 1993
2025-08-08 14:31:25,664 [trainer.py] => tuned_epoch: 10
2025-08-08 14:31:25,664 [trainer.py] => init_lr: 0.05
2025-08-08 14:31:25,664 [trainer.py] => batch_size: 48
2025-08-08 14:31:25,664 [trainer.py] => weight_decay: 0.0005
2025-08-08 14:31:25,664 [trainer.py] => min_lr: 0
2025-08-08 14:31:25,664 [trainer.py] => optimizer: sgd
2025-08-08 14:31:25,664 [trainer.py] => scheduler: cosine
2025-08-08 14:31:25,664 [trainer.py] => reinit_optimizer: True
2025-08-08 14:31:25,664 [trainer.py] => init_milestones: [10]
2025-08-08 14:31:25,664 [trainer.py] => init_lr_decay: 0.1
2025-08-08 14:31:25,664 [trainer.py] => reg: 0.001
2025-08-08 14:31:25,664 [trainer.py] => use_orth: True
2025-08-08 14:31:25,664 [trainer.py] => crct_epochs: 30
2025-08-08 14:31:25,664 [trainer.py] => ca_lr: 0.001
2025-08-08 14:31:25,664 [trainer.py] => ca_storage_efficient_method: covariance
2025-08-08 14:31:25,664 [trainer.py] => ca_storage_efficient_method_choices: ['covariance', 'variance']
2025-08-08 14:31:25,664 [trainer.py] => decay: True
2025-08-08 14:31:25,664 [trainer.py] => pretrained: True
2025-08-08 14:31:25,665 [trainer.py] => drop: 0.0
2025-08-08 14:31:25,665 [trainer.py] => drop_path: 0.0
2025-08-08 14:31:25,665 [trainer.py] => r: 16
2025-08-08 14:31:25,665 [trainer.py] => scale: 20.0
2025-08-08 14:31:25,665 [trainer.py] => m: 0.0
2025-08-08 14:31:25,844 [data_manager.py] => [168, 136, 51, 9, 183, 101, 171, 99, 42, 159, 191, 70, 16, 188, 27, 10, 175, 26, 68, 187, 98, 6, 85, 35, 112, 43, 100, 0, 103, 181, 88, 59, 4, 2, 116, 174, 94, 80, 106, 1, 147, 17, 141, 131, 72, 23, 173, 54, 197, 118, 87, 32, 79, 104, 91, 19, 135, 107, 178, 36, 11, 199, 142, 8, 122, 3, 28, 57, 153, 172, 190, 56, 49, 44, 97, 62, 151, 169, 194, 55, 192, 12, 189, 78, 66, 180, 15, 137, 109, 134, 92, 119, 126, 52, 170, 40, 148, 65, 144, 64, 138, 45, 77, 89, 154, 90, 71, 193, 74, 30, 113, 143, 96, 84, 67, 50, 186, 156, 69, 21, 18, 111, 108, 58, 125, 157, 150, 110, 182, 129, 166, 83, 81, 60, 13, 165, 14, 176, 63, 117, 5, 22, 145, 121, 38, 41, 82, 127, 114, 20, 31, 53, 37, 163, 196, 130, 152, 162, 86, 76, 24, 34, 184, 149, 33, 128, 198, 155, 146, 167, 139, 120, 140, 102, 47, 25, 158, 123, 46, 164, 61, 7, 115, 75, 133, 160, 105, 132, 179, 124, 48, 73, 93, 39, 95, 195, 29, 177, 185, 161]
2025-08-08 14:31:31,818 [tuna.py] => 86,256,776 model total parameters.
2025-08-08 14:31:31,820 [tuna.py] => 458,120 model training parameters.
2025-08-08 14:31:31,821 [tuna.py] => backbone.head.weight: 153600
2025-08-08 14:31:31,821 [tuna.py] => backbone.head.bias: 200
2025-08-08 14:31:31,821 [tuna.py] => backbone.cur_adapter.0.down_proj.weight: 12288
2025-08-08 14:31:31,821 [tuna.py] => backbone.cur_adapter.0.down_proj.bias: 16
2025-08-08 14:31:31,821 [tuna.py] => backbone.cur_adapter.0.up_proj.weight: 12288
2025-08-08 14:31:31,821 [tuna.py] => backbone.cur_adapter.0.up_proj.bias: 768
2025-08-08 14:31:31,822 [tuna.py] => backbone.cur_adapter.1.down_proj.weight: 12288
2025-08-08 14:31:31,822 [tuna.py] => backbone.cur_adapter.1.down_proj.bias: 16
2025-08-08 14:31:31,822 [tuna.py] => backbone.cur_adapter.1.up_proj.weight: 12288
2025-08-08 14:31:31,822 [tuna.py] => backbone.cur_adapter.1.up_proj.bias: 768
2025-08-08 14:31:31,822 [tuna.py] => backbone.cur_adapter.2.down_proj.weight: 12288
2025-08-08 14:31:31,822 [tuna.py] => backbone.cur_adapter.2.down_proj.bias: 16
2025-08-08 14:31:31,822 [tuna.py] => backbone.cur_adapter.2.up_proj.weight: 12288
2025-08-08 14:31:31,822 [tuna.py] => backbone.cur_adapter.2.up_proj.bias: 768
2025-08-08 14:31:31,822 [tuna.py] => backbone.cur_adapter.3.down_proj.weight: 12288
2025-08-08 14:31:31,822 [tuna.py] => backbone.cur_adapter.3.down_proj.bias: 16
2025-08-08 14:31:31,822 [tuna.py] => backbone.cur_adapter.3.up_proj.weight: 12288
2025-08-08 14:31:31,822 [tuna.py] => backbone.cur_adapter.3.up_proj.bias: 768
2025-08-08 14:31:31,822 [tuna.py] => backbone.cur_adapter.4.down_proj.weight: 12288
2025-08-08 14:31:31,822 [tuna.py] => backbone.cur_adapter.4.down_proj.bias: 16
2025-08-08 14:31:31,822 [tuna.py] => backbone.cur_adapter.4.up_proj.weight: 12288
2025-08-08 14:31:31,822 [tuna.py] => backbone.cur_adapter.4.up_proj.bias: 768
2025-08-08 14:31:31,822 [tuna.py] => backbone.cur_adapter.5.down_proj.weight: 12288
2025-08-08 14:31:31,822 [tuna.py] => backbone.cur_adapter.5.down_proj.bias: 16
2025-08-08 14:31:31,822 [tuna.py] => backbone.cur_adapter.5.up_proj.weight: 12288
2025-08-08 14:31:31,822 [tuna.py] => backbone.cur_adapter.5.up_proj.bias: 768
2025-08-08 14:31:31,822 [tuna.py] => backbone.cur_adapter.6.down_proj.weight: 12288
2025-08-08 14:31:31,822 [tuna.py] => backbone.cur_adapter.6.down_proj.bias: 16
2025-08-08 14:31:31,822 [tuna.py] => backbone.cur_adapter.6.up_proj.weight: 12288
2025-08-08 14:31:31,823 [tuna.py] => backbone.cur_adapter.6.up_proj.bias: 768
2025-08-08 14:31:31,823 [tuna.py] => backbone.cur_adapter.7.down_proj.weight: 12288
2025-08-08 14:31:31,823 [tuna.py] => backbone.cur_adapter.7.down_proj.bias: 16
2025-08-08 14:31:31,823 [tuna.py] => backbone.cur_adapter.7.up_proj.weight: 12288
2025-08-08 14:31:31,823 [tuna.py] => backbone.cur_adapter.7.up_proj.bias: 768
2025-08-08 14:31:31,823 [tuna.py] => backbone.cur_adapter.8.down_proj.weight: 12288
2025-08-08 14:31:31,823 [tuna.py] => backbone.cur_adapter.8.down_proj.bias: 16
2025-08-08 14:31:31,823 [tuna.py] => backbone.cur_adapter.8.up_proj.weight: 12288
2025-08-08 14:31:31,823 [tuna.py] => backbone.cur_adapter.8.up_proj.bias: 768
2025-08-08 14:31:31,823 [tuna.py] => backbone.cur_adapter.9.down_proj.weight: 12288
2025-08-08 14:31:31,823 [tuna.py] => backbone.cur_adapter.9.down_proj.bias: 16
2025-08-08 14:31:31,823 [tuna.py] => backbone.cur_adapter.9.up_proj.weight: 12288
2025-08-08 14:31:31,823 [tuna.py] => backbone.cur_adapter.9.up_proj.bias: 768
2025-08-08 14:31:31,823 [tuna.py] => backbone.cur_adapter.10.down_proj.weight: 12288
2025-08-08 14:31:31,823 [tuna.py] => backbone.cur_adapter.10.down_proj.bias: 16
2025-08-08 14:31:31,823 [tuna.py] => backbone.cur_adapter.10.up_proj.weight: 12288
2025-08-08 14:31:31,823 [tuna.py] => backbone.cur_adapter.10.up_proj.bias: 768
2025-08-08 14:31:31,823 [tuna.py] => backbone.cur_adapter.11.down_proj.weight: 12288
2025-08-08 14:31:31,823 [tuna.py] => backbone.cur_adapter.11.down_proj.bias: 16
2025-08-08 14:31:31,823 [tuna.py] => backbone.cur_adapter.11.up_proj.weight: 12288
2025-08-08 14:31:31,823 [tuna.py] => backbone.cur_adapter.11.up_proj.bias: 768
2025-08-08 14:31:31,824 [trainer.py] => All params: 86256776
2025-08-08 14:31:31,825 [trainer.py] => Trainable params: 458120
2025-08-08 14:31:31,826 [tuna.py] => Learning on 0-20
2025-08-08 14:39:40,976 [tuna.py] => Task 0, Epoch 10/10 => Loss 0.760, Train_accy 78.77
2025-08-08 14:46:15,957 [trainer.py] => No NME accuracy.
2025-08-08 14:46:15,958 [trainer.py] => CNN: {'total': 89.15, '00-19': 89.15, 'old': 0, 'new': 89.15}
2025-08-08 14:46:15,958 [trainer.py] => CNN top1 curve: [89.15]
2025-08-08 14:46:15,958 [trainer.py] => CNN top5 curve: [98.31]

2025-08-08 14:46:15,958 [trainer.py] => Average Accuracy (CNN): 89.15 

2025-08-08 14:46:15,959 [trainer.py] => All params: 86576456
2025-08-08 14:46:15,960 [trainer.py] => Trainable params: 777800
2025-08-08 14:46:15,962 [tuna.py] => Learning on 20-40
2025-08-08 14:52:57,390 [tuna.py] => Task 1, Epoch 10/10 => Loss 0.679, Train_accy 75.83
2025-08-08 14:58:27,840 [tuna.py] => Task 1, Epoch 30/30 => Loss 0.386, CA_accy 94.58
2025-08-08 14:58:55,403 [trainer.py] => No NME accuracy.
2025-08-08 14:58:55,403 [trainer.py] => CNN: {'total': 86.06, '00-19': 84.65, '20-39': 87.64, 'old': 84.65, 'new': 87.64}
2025-08-08 14:58:55,403 [trainer.py] => CNN top1 curve: [89.15, 86.06]
2025-08-08 14:58:55,404 [trainer.py] => CNN top5 curve: [98.31, 96.52]

2025-08-08 14:58:55,404 [trainer.py] => Average Accuracy (CNN): 87.605 

2025-08-08 14:58:55,405 [trainer.py] => All params: 87200456
2025-08-08 14:58:55,406 [trainer.py] => Trainable params: 1401800
2025-08-08 14:58:55,413 [tuna.py] => Learning on 40-60
2025-08-08 15:05:39,070 [tuna.py] => Task 2, Epoch 10/10 => Loss 0.708, Train_accy 71.48
2025-08-08 15:11:33,513 [tuna.py] => Task 2, Epoch 30/30 => Loss 0.499, CA_accy 92.65
2025-08-08 15:12:10,915 [trainer.py] => No NME accuracy.
2025-08-08 15:12:10,916 [trainer.py] => CNN: {'total': 82.44, '00-19': 80.56, '20-39': 82.63, '40-59': 84.36, 'old': 81.54, 'new': 84.36}
2025-08-08 15:12:10,916 [trainer.py] => CNN top1 curve: [89.15, 86.06, 82.44]
2025-08-08 15:12:10,916 [trainer.py] => CNN top5 curve: [98.31, 96.52, 95.76]

2025-08-08 15:12:10,916 [trainer.py] => Average Accuracy (CNN): 85.88333333333333 

2025-08-08 15:12:10,918 [trainer.py] => All params: 87520136
2025-08-08 15:12:10,921 [trainer.py] => Trainable params: 1721480
2025-08-08 15:12:10,926 [tuna.py] => Learning on 60-80
2025-08-08 15:19:08,803 [tuna.py] => Task 3, Epoch 10/10 => Loss 0.735, Train_accy 64.71
2025-08-08 15:25:01,225 [tuna.py] => Task 3, Epoch 30/30 => Loss 0.609, CA_accy 90.67
2025-08-08 15:25:47,885 [trainer.py] => No NME accuracy.
2025-08-08 15:25:47,886 [trainer.py] => CNN: {'total': 78.0, '00-19': 76.62, '20-39': 79.34, '40-59': 81.52, '60-79': 74.96, 'old': 79.06, 'new': 74.96}
2025-08-08 15:25:47,886 [trainer.py] => CNN top1 curve: [89.15, 86.06, 82.44, 78.0]
2025-08-08 15:25:47,886 [trainer.py] => CNN top5 curve: [98.31, 96.52, 95.76, 94.66]

2025-08-08 15:25:47,886 [trainer.py] => Average Accuracy (CNN): 83.9125 

2025-08-08 15:25:47,888 [trainer.py] => All params: 87839816
2025-08-08 15:25:47,896 [trainer.py] => Trainable params: 2041160
2025-08-08 15:25:47,897 [tuna.py] => Learning on 80-100
2025-08-08 15:32:42,607 [tuna.py] => Task 4, Epoch 10/10 => Loss 0.658, Train_accy 65.41
2025-08-08 15:38:33,459 [tuna.py] => Task 4, Epoch 30/30 => Loss 0.636, CA_accy 90.65
2025-08-08 15:39:31,622 [trainer.py] => No NME accuracy.
2025-08-08 15:39:31,623 [trainer.py] => CNN: {'total': 77.31, '00-19': 77.18, '20-39': 78.87, '40-59': 79.3, '60-79': 73.81, '80-99': 77.74, 'old': 77.21, 'new': 77.74}
2025-08-08 15:39:31,623 [trainer.py] => CNN top1 curve: [89.15, 86.06, 82.44, 78.0, 77.31]
2025-08-08 15:39:31,623 [trainer.py] => CNN top5 curve: [98.31, 96.52, 95.76, 94.66, 93.55]

2025-08-08 15:39:31,623 [trainer.py] => Average Accuracy (CNN): 82.592 

2025-08-08 15:39:31,625 [trainer.py] => All params: 88159496
2025-08-08 15:39:31,626 [trainer.py] => Trainable params: 2360840
2025-08-08 15:39:31,628 [tuna.py] => Learning on 100-120
2025-08-08 15:46:26,976 [tuna.py] => Task 5, Epoch 10/10 => Loss 0.700, Train_accy 61.03
2025-08-08 15:52:22,895 [tuna.py] => Task 5, Epoch 30/30 => Loss 0.689, CA_accy 89.56
2025-08-08 15:53:31,264 [trainer.py] => No NME accuracy.
2025-08-08 15:53:31,265 [trainer.py] => CNN: {'total': 74.67, '00-19': 75.63, '20-39': 77.31, '40-59': 76.46, '60-79': 70.65, '80-99': 75.55, '100-119': 72.86, 'old': 75.05, 'new': 72.86}
2025-08-08 15:53:31,265 [trainer.py] => CNN top1 curve: [89.15, 86.06, 82.44, 78.0, 77.31, 74.67]
2025-08-08 15:53:31,265 [trainer.py] => CNN top5 curve: [98.31, 96.52, 95.76, 94.66, 93.55, 92.58]

2025-08-08 15:53:31,265 [trainer.py] => Average Accuracy (CNN): 81.27166666666666 

2025-08-08 15:53:31,267 [trainer.py] => All params: 88479176
2025-08-08 15:53:31,269 [trainer.py] => Trainable params: 2680520
2025-08-08 15:53:31,270 [tuna.py] => Learning on 120-140
2025-08-08 16:00:32,403 [tuna.py] => Task 6, Epoch 10/10 => Loss 0.727, Train_accy 55.35
2025-08-08 16:06:27,168 [tuna.py] => Task 6, Epoch 30/30 => Loss 0.729, CA_accy 89.10
2025-08-08 16:07:47,484 [trainer.py] => No NME accuracy.
2025-08-08 16:07:47,485 [trainer.py] => CNN: {'total': 72.36, '00-19': 72.82, '20-39': 74.96, '40-59': 75.67, '60-79': 68.35, '80-99': 73.69, '100-119': 71.09, '120-139': 70.53, 'old': 72.67, 'new': 70.53}
2025-08-08 16:07:47,485 [trainer.py] => CNN top1 curve: [89.15, 86.06, 82.44, 78.0, 77.31, 74.67, 72.36]
2025-08-08 16:07:47,485 [trainer.py] => CNN top5 curve: [98.31, 96.52, 95.76, 94.66, 93.55, 92.58, 91.83]

2025-08-08 16:07:47,485 [trainer.py] => Average Accuracy (CNN): 79.99857142857142 

2025-08-08 16:07:47,487 [trainer.py] => All params: 88798856
2025-08-08 16:07:47,490 [trainer.py] => Trainable params: 3000200
2025-08-08 16:07:47,491 [tuna.py] => Learning on 140-160
2025-08-08 16:15:14,030 [tuna.py] => Task 7, Epoch 10/10 => Loss 0.713, Train_accy 53.94
2025-08-08 16:21:35,149 [tuna.py] => Task 7, Epoch 30/30 => Loss 0.756, CA_accy 88.62
2025-08-08 16:23:05,855 [trainer.py] => No NME accuracy.
2025-08-08 16:23:05,856 [trainer.py] => CNN: {'total': 69.97, '00-19': 71.69, '20-39': 73.24, '40-59': 71.41, '60-79': 65.47, '80-99': 72.18, '100-119': 69.62, '120-139': 69.77, '140-159': 67.21, 'old': 70.41, 'new': 67.21}
2025-08-08 16:23:05,856 [trainer.py] => CNN top1 curve: [89.15, 86.06, 82.44, 78.0, 77.31, 74.67, 72.36, 69.97]
2025-08-08 16:23:05,856 [trainer.py] => CNN top5 curve: [98.31, 96.52, 95.76, 94.66, 93.55, 92.58, 91.83, 90.3]

2025-08-08 16:23:05,856 [trainer.py] => Average Accuracy (CNN): 78.745 

2025-08-08 16:23:05,858 [trainer.py] => All params: 89118536
2025-08-08 16:23:05,859 [trainer.py] => Trainable params: 3319880
2025-08-08 16:23:05,861 [tuna.py] => Learning on 160-180
2025-08-08 16:29:38,100 [tuna.py] => Task 8, Epoch 10/10 => Loss 0.788, Train_accy 49.52
2025-08-08 16:35:22,955 [tuna.py] => Task 8, Epoch 30/30 => Loss 0.779, CA_accy 88.50
2025-08-08 16:37:05,113 [trainer.py] => No NME accuracy.
2025-08-08 16:37:05,113 [trainer.py] => CNN: {'total': 68.31, '00-19': 72.25, '20-39': 72.46, '40-59': 68.09, '60-79': 64.03, '80-99': 71.33, '100-119': 69.91, '120-139': 70.23, '140-159': 67.21, '160-179': 59.3, 'old': 69.37, 'new': 59.3}
2025-08-08 16:37:05,113 [trainer.py] => CNN top1 curve: [89.15, 86.06, 82.44, 78.0, 77.31, 74.67, 72.36, 69.97, 68.31]
2025-08-08 16:37:05,113 [trainer.py] => CNN top5 curve: [98.31, 96.52, 95.76, 94.66, 93.55, 92.58, 91.83, 90.3, 88.86]

2025-08-08 16:37:05,113 [trainer.py] => Average Accuracy (CNN): 77.58555555555556 

2025-08-08 16:37:05,116 [trainer.py] => All params: 89438216
2025-08-08 16:37:05,119 [trainer.py] => Trainable params: 3639560
2025-08-08 16:37:05,120 [tuna.py] => Learning on 180-200
2025-08-08 16:44:02,780 [tuna.py] => Task 9, Epoch 10/10 => Loss 0.801, Train_accy 44.51
2025-08-08 16:50:29,577 [tuna.py] => Task 9, Epoch 30/30 => Loss 0.802, CA_accy 88.23
2025-08-08 16:52:23,568 [trainer.py] => No NME accuracy.
2025-08-08 16:52:23,568 [trainer.py] => CNN: {'total': 66.32, '00-19': 71.41, '20-39': 70.89, '40-59': 65.56, '60-79': 62.59, '80-99': 70.49, '100-119': 66.67, '120-139': 68.27, '140-159': 66.94, '160-179': 61.53, '180-199': 58.83, 'old': 67.14, 'new': 58.83}
2025-08-08 16:52:23,569 [trainer.py] => CNN top1 curve: [89.15, 86.06, 82.44, 78.0, 77.31, 74.67, 72.36, 69.97, 68.31, 66.32]
2025-08-08 16:52:23,569 [trainer.py] => CNN top5 curve: [98.31, 96.52, 95.76, 94.66, 93.55, 92.58, 91.83, 90.3, 88.86, 87.82]

2025-08-08 16:52:23,569 [trainer.py] => Average Accuracy (CNN): 76.45899999999999 

2025-08-08 16:52:23,571 [trainer.py] => Forgetting (CNN): 9.07
